app/build/intermediates/manifest_merge_blame_file/debug/manifest-merger-blame-debug-report.txt
1<?xml version="1.0" encoding="utf-8"?>
2<manifest xmlns:android="http://schemas.android.com/apk/res/android"
3    package="com.example.drawerlayout"
4    android:versionCode="1"
5    android:versionName="1.0" >
6
7    <uses-sdk
8        android:minSdkVersion="19"
8-->src\main\AndroidManifest.xml
9        android:targetSdkVersion="29" />
9-->src\main\AndroidManifest.xml
10
11    <uses-permission android:name="android.permission.VIBRATE" />
11-->src\main\AndroidManifest.xml:5:5-66
11-->src\main\AndroidManifest.xml:5:22-63
12    <uses-permission android:name="android.permission.INTERNET" />
12-->src\main\AndroidManifest.xml:6:5-67
12-->src\main\AndroidManifest.xml:6:22-64
13    <uses-permission android:name="android.permission.ACCESS_NETWORK_STATE" />
13-->src\main\AndroidManifest.xml:7:5-79
13-->src\main\AndroidManifest.xml:7:22-76
14    <uses-permission android:name="android.permission.WAKE_LOCK" />
14-->[com.google.firebase:firebase-measurement-connector-impl:17.0.2] AndroidManifest.xml:24:5-68
14-->[com.google.firebase:firebase-measurement-connector-impl:17.0.2] AndroidManifest.xml:24:22-65
15    <uses-permission android:name="com.google.android.finsky.permission.BIND_GET_INSTALL_REFERRER_SERVICE" /> <!-- Required by older versions of Google Play services to create IID tokens -->
15-->[com.google.firebase:firebase-analytics:16.0.4] AndroidManifest.xml:26:5-110
15-->[com.google.firebase:firebase-analytics:16.0.4] AndroidManifest.xml:26:22-107
16    <uses-permission android:name="com.google.android.c2dm.permission.RECEIVE" />
16-->[com.google.firebase:firebase-iid:17.0.4] AndroidManifest.xml:26:5-82
16-->[com.google.firebase:firebase-iid:17.0.4] AndroidManifest.xml:26:22-79
17
18    <application
18-->src\main\AndroidManifest.xml:9:5-26:19
19        android:name="com.example.drawerlayout.myApplication"
19-->src\main\AndroidManifest.xml:10:9-38
20        android:allowBackup="true"
20-->src\main\AndroidManifest.xml:11:9-35
21        android:appComponentFactory="androidx.core.app.CoreComponentFactory"
21-->[androidx.core:core:1.1.0] AndroidManifest.xml:24:18-86
22        android:debuggable="true"
23        android:icon="@drawable/bayi"
23-->src\main\AndroidManifest.xml:12:9-38
24        android:label="@string/app_name"
24-->src\main\AndroidManifest.xml:13:9-41
25        android:launchMode="singleTop"
25-->src\main\AndroidManifest.xml:15:9-39
26        android:roundIcon="@drawable/bayi"
26-->src\main\AndroidManifest.xml:14:9-43
27        android:supportsRtl="true"
27-->src\main\AndroidManifest.xml:16:9-35
28        android:testOnly="true"
29        android:theme="@style/AppTheme" >
29-->src\main\AndroidManifest.xml:17:9-40
30        <activity
30-->src\main\AndroidManifest.xml:18:9-25:20
31            android:name="com.example.drawerlayout.MainActivity"
31-->src\main\AndroidManifest.xml:18:19-47
32            android:theme="@style/AppTheme.NoActionBar" >
32-->src\main\AndroidManifest.xml:19:13-56
33            <intent-filter>
33-->src\main\AndroidManifest.xml:20:13-24:29
34                <action android:name="android.intent.action.MAIN" />
34-->src\main\AndroidManifest.xml:21:17-69
34-->src\main\AndroidManifest.xml:21:25-66
35
36                <category android:name="android.intent.category.LAUNCHER" />
36-->src\main\AndroidManifest.xml:23:17-77
36-->src\main\AndroidManifest.xml:23:27-74
37            </intent-filter>
38        </activity>
39
40        <service
40-->[com.google.firebase:firebase-inappmessaging-display:17.0.3] AndroidManifest.xml:15:9-19:19
41            android:name="com.google.firebase.components.ComponentDiscoveryService"
41-->[com.google.firebase:firebase-inappmessaging-display:17.0.3] AndroidManifest.xml:15:18-89
42            android:exported="false" >
42-->[com.google.firebase:firebase-iid:17.0.4] AndroidManifest.xml:31:13-37
43            <meta-data
43-->[com.google.firebase:firebase-inappmessaging-display:17.0.3] AndroidManifest.xml:16:13-18:85
44                android:name="com.google.firebase.components:com.google.firebase.inappmessaging.display.FirebaseInAppMessagingDisplayRegistrar"
44-->[com.google.firebase:firebase-inappmessaging-display:17.0.3] AndroidManifest.xml:17:17-144
45                android:value="com.google.firebase.components.ComponentRegistrar" />
45-->[com.google.firebase:firebase-inappmessaging-display:17.0.3] AndroidManifest.xml:18:17-82
46            <meta-data
46-->[com.google.firebase:firebase-inappmessaging:17.0.3] AndroidManifest.xml:15:13-17:85
47                android:name="com.google.firebase.components:com.google.firebase.inappmessaging.FirebaseInAppMessagingRegistrar"
47-->[com.google.firebase:firebase-inappmessaging:17.0.3] AndroidManifest.xml:16:17-129
48                android:value="com.google.firebase.components.ComponentRegistrar" />
48-->[com.google.firebase:firebase-inappmessaging:17.0.3] AndroidManifest.xml:17:17-82
49            <meta-data
49-->[com.google.firebase:firebase-measurement-connector-impl:17.0.2] AndroidManifest.xml:28:13-30:85
50                android:name="com.google.firebase.components:com.google.firebase.analytics.connector.internal.AnalyticsConnectorRegistrar"
50-->[com.google.firebase:firebase-measurement-connector-impl:17.0.2] AndroidManifest.xml:29:17-139
51                android:value="com.google.firebase.components.ComponentRegistrar" />
51-->[com.google.firebase:firebase-measurement-connector-impl:17.0.2] AndroidManifest.xml:30:17-82
52            <meta-data
52-->[com.google.firebase:firebase-iid:17.0.4] AndroidManifest.xml:32:13-34:85
53                android:name="com.google.firebase.components:com.google.firebase.iid.Registrar"
53-->[com.google.firebase:firebase-iid:17.0.4] AndroidManifest.xml:33:17-96
54                android:value="com.google.firebase.components.ComponentRegistrar" />
54-->[com.google.firebase:firebase-iid:17.0.4] AndroidManifest.xml:34:17-82
55        </service>
56        <!--
57             FirebaseMessagingService performs security checks at runtime,
58             no need for explicit permissions despite exported="true"
59        -->
60        <service
60-->[com.google.firebase:firebase-messaging:17.3.4] AndroidManifest.xml:28:9-34:19
61            android:name="com.google.firebase.messaging.FirebaseMessagingService"
61-->[com.google.firebase:firebase-messaging:17.3.4] AndroidManifest.xml:29:13-82
62            android:exported="true" >
62-->[com.google.firebase:firebase-messaging:17.3.4] AndroidManifest.xml:30:13-36
63            <intent-filter android:priority="-500" >
63-->[com.google.firebase:firebase-messaging:17.3.4] AndroidManifest.xml:31:13-33:29
63-->[com.google.firebase:firebase-messaging:17.3.4] AndroidManifest.xml:31:28-51
64                <action android:name="com.google.firebase.MESSAGING_EVENT" />
64-->[com.google.firebase:firebase-messaging:17.3.4] AndroidManifest.xml:32:17-78
64-->[com.google.firebase:firebase-messaging:17.3.4] AndroidManifest.xml:32:25-75
65            </intent-filter>
66        </service>
67
68        <receiver
68-->[com.google.firebase:firebase-analytics:16.0.4] AndroidManifest.xml:29:9-33:20
69            android:name="com.google.android.gms.measurement.AppMeasurementReceiver"
69-->[com.google.firebase:firebase-analytics:16.0.4] AndroidManifest.xml:30:13-85
70            android:enabled="true"
70-->[com.google.firebase:firebase-analytics:16.0.4] AndroidManifest.xml:31:13-35
71            android:exported="false" >
71-->[com.google.firebase:firebase-analytics:16.0.4] AndroidManifest.xml:32:13-37
72        </receiver>
73        <receiver
73-->[com.google.firebase:firebase-analytics:16.0.4] AndroidManifest.xml:34:9-42:20
74            android:name="com.google.android.gms.measurement.AppMeasurementInstallReferrerReceiver"
74-->[com.google.firebase:firebase-analytics:16.0.4] AndroidManifest.xml:35:13-100
75            android:enabled="true"
75-->[com.google.firebase:firebase-analytics:16.0.4] AndroidManifest.xml:36:13-35
76            android:exported="true"
76-->[com.google.firebase:firebase-analytics:16.0.4] AndroidManifest.xml:37:13-36
77            android:permission="android.permission.INSTALL_PACKAGES" >
77-->[com.google.firebase:firebase-analytics:16.0.4] AndroidManifest.xml:38:13-69
78            <intent-filter>
78-->[com.google.firebase:firebase-analytics:16.0.4] AndroidManifest.xml:39:13-41:29
79                <action android:name="com.android.vending.INSTALL_REFERRER" />
79-->[com.google.firebase:firebase-analytics:16.0.4] AndroidManifest.xml:40:17-79
79-->[com.google.firebase:firebase-analytics:16.0.4] AndroidManifest.xml:40:25-76
80            </intent-filter>
81        </receiver>
82
83        <service
83-->[com.google.firebase:firebase-analytics:16.0.4] AndroidManifest.xml:44:9-47:40
84            android:name="com.google.android.gms.measurement.AppMeasurementService"
84-->[com.google.firebase:firebase-analytics:16.0.4] AndroidManifest.xml:45:13-84
85            android:enabled="true"
85-->[com.google.firebase:firebase-analytics:16.0.4] AndroidManifest.xml:46:13-35
86            android:exported="false" />
86-->[com.google.firebase:firebase-analytics:16.0.4] AndroidManifest.xml:47:13-37
87        <service
87-->[com.google.firebase:firebase-analytics:16.0.4] AndroidManifest.xml:48:9-52:72
88            android:name="com.google.android.gms.measurement.AppMeasurementJobService"
88-->[com.google.firebase:firebase-analytics:16.0.4] AndroidManifest.xml:49:13-87
89            android:enabled="true"
89-->[com.google.firebase:firebase-analytics:16.0.4] AndroidManifest.xml:50:13-35
90            android:exported="false"
90-->[com.google.firebase:firebase-analytics:16.0.4] AndroidManifest.xml:51:13-37
91            android:permission="android.permission.BIND_JOB_SERVICE" />
91-->[com.google.firebase:firebase-analytics:16.0.4] AndroidManifest.xml:52:13-69
92
93        <receiver
93-->[com.google.firebase:firebase-iid:17.0.4] AndroidManifest.xml:37:9-44:20
94            android:name="com.google.firebase.iid.FirebaseInstanceIdReceiver"
94-->[com.google.firebase:firebase-iid:17.0.4] AndroidManifest.xml:38:13-78
95            android:exported="true"
95-->[com.google.firebase:firebase-iid:17.0.4] AndroidManifest.xml:39:13-36
96            android:permission="com.google.android.c2dm.permission.SEND" >
96-->[com.google.firebase:firebase-iid:17.0.4] AndroidManifest.xml:40:13-73
97            <intent-filter>
97-->[com.google.firebase:firebase-iid:17.0.4] AndroidManifest.xml:41:13-43:29
98                <action android:name="com.google.android.c2dm.intent.RECEIVE" />
98-->[com.google.firebase:firebase-iid:17.0.4] AndroidManifest.xml:42:17-81
98-->[com.google.firebase:firebase-iid:17.0.4] AndroidManifest.xml:42:25-78
99            </intent-filter>
100        </receiver>
101        <!--
102             FirebaseInstanceIdService performs security checks at runtime,
103             no need for explicit permissions despite exported="true"
104        -->
105        <service
105-->[com.google.firebase:firebase-iid:17.0.4] AndroidManifest.xml:50:9-56:19
106            android:name="com.google.firebase.iid.FirebaseInstanceIdService"
106-->[com.google.firebase:firebase-iid:17.0.4] AndroidManifest.xml:51:13-77
107            android:exported="true" >
107-->[com.google.firebase:firebase-iid:17.0.4] AndroidManifest.xml:52:13-36
108            <intent-filter android:priority="-500" >
108-->[com.google.firebase:firebase-iid:17.0.4] AndroidManifest.xml:53:13-55:29
108-->[com.google.firebase:firebase-iid:17.0.4] AndroidManifest.xml:53:28-51
109                <action android:name="com.google.firebase.INSTANCE_ID_EVENT" />
109-->[com.google.firebase:firebase-iid:17.0.4] AndroidManifest.xml:54:17-80
109-->[com.google.firebase:firebase-iid:17.0.4] AndroidManifest.xml:54:25-77
110            </intent-filter>
111        </service>
112
113        <activity
113-->[com.google.android.gms:play-services-base:16.0.1] AndroidManifest.xml:23:9-26:75
114            android:name="com.google.android.gms.common.api.GoogleApiActivity"
114-->[com.google.android.gms:play-services-base:16.0.1] AndroidManifest.xml:24:13-79
115            android:exported="false"
115-->[com.google.android.gms:play-services-base:16.0.1] AndroidManifest.xml:25:13-37
116            android:theme="@android:style/Theme.Translucent.NoTitleBar" />
116-->[com.google.android.gms:play-services-base:16.0.1] AndroidManifest.xml:26:13-72
117
118        <provider
118-->[com.google.firebase:firebase-common:16.0.3] AndroidManifest.xml:10:9-14:39
119            android:name="com.google.firebase.provider.FirebaseInitProvider"
119-->[com.google.firebase:firebase-common:16.0.3] AndroidManifest.xml:11:13-77
120            android:authorities="com.example.drawerlayout.firebaseinitprovider"
120-->[com.google.firebase:firebase-common:16.0.3] AndroidManifest.xml:12:13-72
121            android:exported="false"
121-->[com.google.firebase:firebase-common:16.0.3] AndroidManifest.xml:13:13-37
122            android:initOrder="100" />
122-->[com.google.firebase:firebase-common:16.0.3] AndroidManifest.xml:14:13-36
123
124        <meta-data
124-->[com.google.android.gms:play-services-basement:16.0.1] AndroidManifest.xml:23:9-25:69
125            android:name="com.google.android.gms.version"
125-->[com.google.android.gms:play-services-basement:16.0.1] AndroidManifest.xml:24:13-58
126            android:value="@integer/google_play_services_version" />
126-->[com.google.android.gms:play-services-basement:16.0.1] AndroidManifest.xml:25:13-66
127    </application>
128
129</manifest>